<?xml version="1.0" encoding="UTF-8"?>
<!-- Generated by org.testng.reporters.JUnitXMLReporter -->
<testsuite ignored="0" hostname="LTIN236884" failures="0" tests="5" name="Test" time="137.91" errors="0" timestamp="2024-03-01T14:05:03 IST">
  <testcase classname="TestFunction.TravelInsuranceStudent" name="TravelInsuranceStudent1" time="35.686"/>
  <testcase classname="TestFunction.TravelInsuranceStudent" name="MainCarInsurance" time="12.88"/>
  <testcase classname="TestFunction.TravelInsuranceStudent" name="ValidUser" time="16.078"/>
  <testcase classname="TestFunction.TravelInsuranceStudent" name="CarPlanQoute" time="2.34"/>
  <testcase classname="TestFunction.TravelInsuranceStudent" name="PolicyBazaarInsurance" time="52.996"/>
</testsuite> <!-- Test -->
