<?xml version="1.0" encoding="UTF-8"?>
<testng-results ignored="0" total="5" passed="5" failed="0" skipped="0">
  <reporter-output>
  </reporter-output>
  <suite started-at="2024-03-01T14:02:44 IST" name="Suite" finished-at="2024-03-01T14:05:02 IST" duration-ms="137910">
    <groups>
    </groups>
    <test started-at="2024-03-01T14:02:44 IST" name="Test" finished-at="2024-03-01T14:05:02 IST" duration-ms="137910">
      <class name="TestFunction.TravelInsuranceStudent">
        <test-method is-config="true" signature="openApp(java.lang.String,java.lang.String)[pri:0, instance:TestFunction.TravelInsuranceStudent@43bc63a3]" started-at="2024-03-01T14:02:45 IST" name="openApp" finished-at="2024-03-01T14:03:01 IST" duration-ms="15815" status="PASS">
          <params>
            <param index="0">
              <value>
                <![CDATA[windows]]>
              </value>
            </param>
            <param index="1">
              <value>
                <![CDATA[chrome]]>
              </value>
            </param>
          </params>
          <reporter-output>
          </reporter-output>
        </test-method> <!-- openApp -->
        <test-method signature="TravelInsuranceStudent1()[pri:0, instance:TestFunction.TravelInsuranceStudent@43bc63a3]" started-at="2024-03-01T14:03:01 IST" name="TravelInsuranceStudent1" finished-at="2024-03-01T14:03:37 IST" duration-ms="35686" status="PASS">
          <reporter-output>
          </reporter-output>
        </test-method> <!-- TravelInsuranceStudent1 -->
        <test-method signature="MainCarInsurance()[pri:1, instance:TestFunction.TravelInsuranceStudent@43bc63a3]" started-at="2024-03-01T14:03:37 IST" name="MainCarInsurance" finished-at="2024-03-01T14:03:49 IST" duration-ms="12880" status="PASS">
          <reporter-output>
          </reporter-output>
        </test-method> <!-- MainCarInsurance -->
        <test-method signature="ValidUser()[pri:2, instance:TestFunction.TravelInsuranceStudent@43bc63a3]" started-at="2024-03-01T14:03:49 IST" name="ValidUser" finished-at="2024-03-01T14:04:06 IST" duration-ms="16078" status="PASS">
          <reporter-output>
          </reporter-output>
        </test-method> <!-- ValidUser -->
        <test-method signature="CarPlanQoute()[pri:3, instance:TestFunction.TravelInsuranceStudent@43bc63a3]" started-at="2024-03-01T14:04:06 IST" name="CarPlanQoute" finished-at="2024-03-01T14:04:08 IST" duration-ms="2340" status="PASS">
          <reporter-output>
          </reporter-output>
        </test-method> <!-- CarPlanQoute -->
        <test-method signature="PolicyBazaarInsurance()[pri:4, instance:TestFunction.TravelInsuranceStudent@43bc63a3]" started-at="2024-03-01T14:04:08 IST" name="PolicyBazaarInsurance" finished-at="2024-03-01T14:05:01 IST" duration-ms="52996" status="PASS">
          <reporter-output>
          </reporter-output>
        </test-method> <!-- PolicyBazaarInsurance -->
        <test-method is-config="true" signature="closeBrowser()[pri:0, instance:TestFunction.TravelInsuranceStudent@43bc63a3]" started-at="2024-03-01T14:05:01 IST" name="closeBrowser" finished-at="2024-03-01T14:05:02 IST" duration-ms="1222" status="PASS">
          <reporter-output>
          </reporter-output>
        </test-method> <!-- closeBrowser -->
      </class> <!-- TestFunction.TravelInsuranceStudent -->
    </test> <!-- Test -->
  </suite> <!-- Suite -->
</testng-results>
